<?xml version="1.0" encoding="UTF-8"?>
<!-- Generated by org.testng.reporters.JUnitReportReporter -->
<testsuite hostname="DESKTOP-6084CDG" failures="0" tests="3" name="HomePageTest" time="10.526" errors="0" timestamp="2024-10-16T18:46:08 CDT" skipped="0">
  <testcase classname="HomePageTest" name="runScenario" time="5.014"/>
  <testcase classname="HomePageTest" name="runScenario" time="2.708"/>
  <testcase classname="HomePageTest" name="runScenario" time="2.804"/>
</testsuite> <!-- HomePageTest -->
