<?xml version="1.0" encoding="UTF-8"?>
<!-- Generated by org.testng.reporters.JUnitReportReporter -->
<testsuite hostname="DESKTOP-6084CDG" failures="0" tests="3" name="HomePageTest" time="13.397" errors="0" timestamp="2024-10-16T17:19:56 CDT" skipped="0">
  <testcase classname="HomePageTest" name="runScenario" time="4.400"/>
  <testcase classname="HomePageTest" name="runScenario" time="3.196"/>
  <testcase classname="HomePageTest" name="runScenario" time="5.801"/>
</testsuite> <!-- HomePageTest -->
