<?xml version="1.0" encoding="UTF-8"?>
<!-- Generated by org.testng.reporters.JUnitReportReporter -->
<testsuite hostname="DESKTOP-6084CDG" failures="0" tests="1" name="HomePageTest" time="0.207" errors="0" timestamp="2024-10-19T14:27:17 CDT" skipped="0">
  <testcase classname="HomePageTest" name="runScenario" time="0.207"/>
</testsuite> <!-- HomePageTest -->
