<?xml version="1.0" encoding="UTF-8"?>
<!-- Generated by org.testng.reporters.JUnitReportReporter -->
<testsuite hostname="DESKTOP-6084CDG" failures="0" tests="3" name="HomePageTest" time="14.688" errors="0" timestamp="2024-10-16T21:08:59 CDT" skipped="0">
  <testcase classname="HomePageTest" name="runScenario" time="6.986"/>
  <testcase classname="HomePageTest" name="runScenario" time="3.257"/>
  <testcase classname="HomePageTest" name="runScenario" time="4.445"/>
</testsuite> <!-- HomePageTest -->
