<?xml version="1.0" encoding="UTF-8"?>
<!-- Generated by org.testng.reporters.JUnitReportReporter -->
<testsuite hostname="DESKTOP-6084CDG" failures="0" tests="1" name="runners.TestRunner" time="0.208" errors="0" timestamp="2024-10-19T15:45:32 CDT" skipped="0">
  <testcase classname="runners.TestRunner" name="runScenario" time="0.208"/>
</testsuite> <!-- runners.TestRunner -->
