<?xml version="1.0" encoding="UTF-8"?>
<!-- Generated by org.testng.reporters.JUnitReportReporter -->
<testsuite hostname="DESKTOP-6084CDG" failures="0" tests="3" name="HomePageTest" time="12.258" errors="0" timestamp="2024-10-16T21:16:33 CDT" skipped="0">
  <testcase classname="HomePageTest" name="runScenario" time="3.148"/>
  <testcase classname="HomePageTest" name="runScenario" time="3.647"/>
  <testcase classname="HomePageTest" name="runScenario" time="5.463"/>
</testsuite> <!-- HomePageTest -->
